<?xml version="1.0" encoding="UTF-8"?>
<testsuite xmlns:xsi="http://www.w3.org/2001/XMLSchema-instance" xsi:noNamespaceSchemaLocation="https://maven.apache.org/surefire/maven-surefire-plugin/xsd/surefire-test-report.xsd" version="3.0.2" name="com.servidortpc.servidor_tpc.ServidorTpcApplicationTests" time="3.162" tests="1" errors="0" skipped="0" failures="0">
  <properties>
[...]
</properties>
  <testcase name="contextLoads" classname="com.servidortpc.servidor_tpc.ServidorTpcApplicationTests" time="0.619">
    <system-out><![CDATA[14:57:16.407 [main] INFO org.springframework.test.context.support.AnnotationConfigContextLoaderUtils -- Could not detect default configuration classes for test class [com.servidortpc.servidor_tpc.ServidorTpcApplicationTests]: ServidorTpcApplicationTests does not declare any static, non-private, non-final, nested classes annotated with @Configuration.
14:57:16.514 [main] INFO org.springframework.boot.test.context.SpringBootTestContextBootstrapper -- Found @SpringBootConfiguration com.servidortpc.servidor_tpc.ServidorTpcApplication for test class com.servidortpc.servidor_tpc.ServidorTpcApplicationTests

  .   ____          _            __ _ _
 /\\ / ___'_ __ _ _(_)_ __  __ _ \ \ \ \
( ( )\___ | '_ | '_| | '_ \/ _` | \ \ \ \
 \\/  ___)| |_)| | | | | || (_| |  ) ) ) )
  '  |____| .__|_| |_|_| |_\__, | / / / /
 =========|_|==============|___/=/_/_/_/

 :: Spring Boot ::                (v4.0.2)

2026-03-04T14:57:16.956-05:00  INFO 20136 --- [ServidorTPC] [           main] c.s.s.ServidorTpcApplicationTests        : Starting ServidorTpcApplicationTests using Java 17.0.18 with PID 20136 (started by yanni in C:\Users\yanni\Documents\ROMP-GPS\servidor-tpc)
2026-03-04T14:57:16.958-05:00  INFO 20136 --- [ServidorTPC] [           main] c.s.s.ServidorTpcApplicationTests        : No active profile set, falling back to 1 default profile: "default"
TCP GPS Server escuchando en puerto 9000
2026-03-04T14:57:18.649-05:00  INFO 20136 --- [ServidorTPC] [           main] o.s.b.a.e.web.EndpointLinksResolver      : Exposing 1 endpoint beneath base path '/actuator'
2026-03-04T14:57:18.695-05:00  INFO 20136 --- [ServidorTPC] [           main] c.s.s.ServidorTpcApplicationTests        : Started ServidorTpcApplicationTests in 2.031 seconds (process running for 3.096)
]]></system-out>
  </testcase>
</testsuite>